<?xml version="1.0" encoding="UTF-8"?>
<testng-results ignored="0" total="1" passed="1" failed="0" skipped="0">
  <reporter-output>
  </reporter-output>
  <suite started-at="2020-07-28T22:25:29 CEST" name="Surefire suite" finished-at="2020-07-28T22:25:29 CEST" duration-ms="41">
    <groups>
    </groups>
    <test started-at="2020-07-28T22:25:29 CEST" name="Surefire test" finished-at="2020-07-28T22:25:29 CEST" duration-ms="41">
      <class name="org.example.AppTest">
        <test-method signature="shouldAnswerWithTrue()" started-at="2020-07-28T22:25:29 CEST" name="shouldAnswerWithTrue" finished-at="2020-07-28T22:25:29 CEST" duration-ms="8" status="PASS">
          <reporter-output>
          </reporter-output>
        </test-method> <!-- shouldAnswerWithTrue -->
      </class> <!-- org.example.AppTest -->
    </test> <!-- Surefire test -->
  </suite> <!-- Surefire suite -->
</testng-results>
